[INFO] Scanning for projects...
[INFO] 
[INFO] --------------------------< com.spcms:spcms >---------------------------
[INFO] Building SmartPower & Cooling Management System 1.0.0-SNAPSHOT
[INFO]   from pom.xml
[INFO] --------------------------------[ war ]---------------------------------
[INFO] 
[INFO] >>> spring-boot:3.2.5:run (default-cli) > test-compile @ spcms >>>
[INFO] 
[INFO] --- resources:3.3.1:resources (default-resources) @ spcms ---
[INFO] Copying 1 resource from src\main\resources to target\classes
[INFO] Copying 1 resource from src\main\resources to target\classes
[INFO] 
[INFO] --- compiler:3.11.0:compile (default-compile) @ spcms ---
[INFO] Nothing to compile - all classes are up to date
[INFO] 
[INFO] --- resources:3.3.1:testResources (default-testResources) @ spcms ---
[INFO] skip non existing resourceDirectory c:\Users\user\Downloads\ClassProj\test-java-serlvlet\src\test\resources
[INFO] 
[INFO] --- compiler:3.11.0:testCompile (default-testCompile) @ spcms ---
[INFO] No sources to compile
[INFO] 
[INFO] <<< spring-boot:3.2.5:run (default-cli) < test-compile @ spcms <<<
[INFO] 
[INFO] 
[INFO] --- spring-boot:3.2.5:run (default-cli) @ spcms ---
[INFO] Attaching agents: []

  .   ____          _            __ _ _
 /\\ / ___'_ __ _ _(_)_ __  __ _ \ \ \ \
( ( )\___ | '_ | '_| | '_ \/ _` | \ \ \ \
 \\/  ___)| |_)| | | | | || (_| |  ) ) ) )
  '  |____| .__|_| |_|_| |_\__, | / / / /
 =========|_|==============|___/=/_/_/_/
 :: Spring Boot ::                (v3.2.5)

2026-03-05T23:02:18.633+02:00  INFO 31144 --- [           main] com.spcms.SpcmsApplication               : Starting SpcmsApplication using Java 21.0.8 with PID 31144 (C:\Users\user\Downloads\ClassProj\test-java-serlvlet\target\classes started by user in c:\Users\user\Downloads\ClassProj\test-java-serlvlet)
2026-03-05T23:02:18.637+02:00 DEBUG 31144 --- [           main] com.spcms.SpcmsApplication               : Running with Spring Boot v3.2.5, Spring v6.1.6
2026-03-05T23:02:18.638+02:00  INFO 31144 --- [           main] com.spcms.SpcmsApplication               : No active profile set, falling back to 1 default profile: "default"
2026-03-05T23:02:19.628+02:00  INFO 31144 --- [           main] .s.d.r.c.RepositoryConfigurationDelegate : Bootstrapping Spring Data JPA repositories in DEFAULT mode.
2026-03-05T23:02:19.848+02:00  INFO 31144 --- [           main] .s.d.r.c.RepositoryConfigurationDelegate : Finished Spring Data repository scanning in 211 ms. Found 18 JPA repository interfaces.
2026-03-05T23:02:20.586+02:00  INFO 31144 --- [           main] o.s.b.w.embedded.tomcat.TomcatWebServer  : Tomcat initialized with port 8081 (http)
2026-03-05T23:02:20.606+02:00  INFO 31144 --- [           main] o.apache.catalina.core.StandardService   : Starting service [Tomcat]
2026-03-05T23:02:20.606+02:00  INFO 31144 --- [           main] o.apache.catalina.core.StandardEngine    : Starting Servlet engine: [Apache Tomcat/10.1.20]
2026-03-05T23:02:20.953+02:00  INFO 31144 --- [           main] org.apache.jasper.servlet.TldScanner     : At least one JAR was scanned for TLDs yet contained no TLDs. Enable debug logging for this logger for a complete list of JARs that were scanned but no TLDs were found in them. Skipping unneeded JARs during scanning can improve startup time and JSP compilation time.
2026-03-05T23:02:20.961+02:00  INFO 31144 --- [           main] o.a.c.c.C.[Tomcat].[localhost].[/]       : Initializing Spring embedded WebApplicationContext
2026-03-05T23:02:20.962+02:00  INFO 31144 --- [           main] w.s.c.ServletWebServerApplicationContext : Root WebApplicationContext: initialization completed in 2270 ms
2026-03-05T23:02:21.162+02:00  INFO 31144 --- [           main] o.hibernate.jpa.internal.util.LogHelper  : HHH000204: Processing PersistenceUnitInfo [name: default]
2026-03-05T23:02:21.244+02:00  INFO 31144 --- [           main] org.hibernate.Version                    : HHH000412: Hibernate ORM core version 6.4.4.Final
2026-03-05T23:02:21.279+02:00  INFO 31144 --- [           main] o.h.c.internal.RegionFactoryInitiator    : HHH000026: Second-level cache disabled
2026-03-05T23:02:21.524+02:00  INFO 31144 --- [           main] o.s.o.j.p.SpringPersistenceUnitInfo      : No LoadTimeWeaver setup: ignoring JPA class transformer
2026-03-05T23:02:21.557+02:00  INFO 31144 --- [           main] com.zaxxer.hikari.HikariDataSource       : HikariPool-1 - Starting...
2026-03-05T23:02:21.789+02:00  INFO 31144 --- [           main] com.zaxxer.hikari.pool.HikariPool        : HikariPool-1 - Added connection com.mysql.cj.jdbc.ConnectionImpl@14485747
2026-03-05T23:02:21.791+02:00  INFO 31144 --- [           main] com.zaxxer.hikari.HikariDataSource       : HikariPool-1 - Start completed.
2026-03-05T23:02:21.839+02:00  WARN 31144 --- [           main] org.hibernate.dialect.Dialect            : HHH000511: The 5.5.0 version for [org.hibernate.dialect.MySQLDialect] is no longer supported, hence certain features may not work properly. The minimum supported version is 8.0.0. Check the community dialects project for available legacy versions.
2026-03-05T23:02:21.846+02:00  WARN 31144 --- [           main] org.hibernate.orm.deprecation            : HHH90000025: MySQLDialect does not need to be specified explicitly using 'hibernate.dialect' (remove the property setting and it will be selected by default)
2026-03-05T23:02:23.693+02:00  INFO 31144 --- [           main] o.h.e.t.j.p.i.JtaPlatformInitiator       : HHH000489: No JTA platform available (set 'hibernate.transaction.jta.platform' to enable JTA platform integration)
2026-03-05T23:02:24.181+02:00  INFO 31144 --- [           main] j.LocalContainerEntityManagerFactoryBean : Initialized JPA EntityManagerFactory for persistence unit 'default'
2026-03-05T23:02:24.679+02:00  INFO 31144 --- [           main] o.s.d.j.r.query.QueryEnhancerFactory     : Hibernate is in classpath; If applicable, HQL parser will be used.
2026-03-05T23:02:25.791+02:00  WARN 31144 --- [           main] JpaBaseConfiguration$JpaWebConfiguration : spring.jpa.open-in-view is enabled by default. Therefore, database queries may be performed during view rendering. Explicitly configure spring.jpa.open-in-view to disable this warning
2026-03-05T23:02:26.146+02:00  INFO 31144 --- [           main] o.s.s.web.DefaultSecurityFilterChain     : Will secure any request with [org.springframework.security.web.session.DisableEncodeUrlFilter@781f8d26, org.springframework.security.web.context.request.async.WebAsyncManagerIntegrationFilter@c2d0e93, org.springframework.security.web.context.SecurityContextHolderFilter@162807e5, org.springframework.security.web.header.HeaderWriterFilter@6c648d16, org.springframework.web.filter.CorsFilter@4a084cf0, org.springframework.security.web.authentication.logout.LogoutFilter@497c267a, org.springframework.security.web.authentication.UsernamePasswordAuthenticationFilter@87dc829, org.springframework.security.web.session.ConcurrentSessionFilter@4473bbc1, org.springframework.security.web.savedrequest.RequestCacheAwareFilter@1161786f, org.springframework.security.web.servletapi.SecurityContextHolderAwareRequestFilter@101d4a4e, org.springframework.security.web.authentication.AnonymousAuthenticationFilter@7d68886c, org.springframework.security.web.session.SessionManagementFilter@70b38e0, org.springframework.security.web.access.ExceptionTranslationFilter@7adde112, org.springframework.security.web.access.intercept.AuthorizationFilter@3e095ba6]
2026-03-05T23:02:26.410+02:00  WARN 31144 --- [           main] ConfigServletWebServerApplicationContext : Exception encountered during context initialization - cancelling refresh attempt: org.springframework.context.ApplicationContextException: Failed to start bean 'webServerStartStop'
2026-03-05T23:02:26.414+02:00  INFO 31144 --- [           main] j.LocalContainerEntityManagerFactoryBean : Closing JPA EntityManagerFactory for persistence unit 'default'
2026-03-05T23:02:26.416+02:00  INFO 31144 --- [           main] com.zaxxer.hikari.HikariDataSource       : HikariPool-1 - Shutdown initiated...
2026-03-05T23:02:26.426+02:00  INFO 31144 --- [           main] com.zaxxer.hikari.HikariDataSource       : HikariPool-1 - Shutdown completed.
2026-03-05T23:02:26.441+02:00  INFO 31144 --- [           main] .s.b.a.l.ConditionEvaluationReportLogger : 

Error starting ApplicationContext. To display the condition evaluation report re-run your application with 'debug' enabled.
2026-03-05T23:02:26.463+02:00 ERROR 31144 --- [           main] o.s.b.d.LoggingFailureAnalysisReporter   : 

***************************
APPLICATION FAILED TO START
***************************

Description:

Web server failed to start. Port 8081 was already in use.

Action:

Identify and stop the process that's listening on port 8081 or configure this application to listen on another port.

[INFO] ------------------------------------------------------------------------
[INFO] BUILD FAILURE
[INFO] ------------------------------------------------------------------------
[INFO] Total time:  11.298 s
[INFO] Finished at: 2026-03-05T23:02:26+02:00
[INFO] ------------------------------------------------------------------------
[ERROR] Failed to execute goal org.springframework.boot:spring-boot-maven-plugin:3.2.5:run (default-cli) on project spcms: Process terminated with exit code: 1 -> [Help 1]
[ERROR] 
[ERROR] To see the full stack trace of the errors, re-run Maven with the -e switch.
[ERROR] Re-run Maven using the -X switch to enable full debug logging.
[ERROR] 
[ERROR] For more information about the errors and possible solutions, please read the following articles:
[ERROR] [Help 1] http://cwiki.apache.org/confluence/display/MAVEN/MojoExecutionException
