09-Mar-2026 10:00:41.872 INFO [main] org.apache.catalina.startup.VersionLoggerListener.log Server version name:   Apache Tomcat/11.0.15
09-Mar-2026 10:00:41.876 INFO [main] org.apache.catalina.startup.VersionLoggerListener.log Server built:          Dec 2 2025 16:32:48 UTC
09-Mar-2026 10:00:41.876 INFO [main] org.apache.catalina.startup.VersionLoggerListener.log Server version number: 11.0.15.0
09-Mar-2026 10:00:41.877 INFO [main] org.apache.catalina.startup.VersionLoggerListener.log OS Name:               Windows 11
09-Mar-2026 10:00:41.877 INFO [main] org.apache.catalina.startup.VersionLoggerListener.log OS Version:            10.0
09-Mar-2026 10:00:41.877 INFO [main] org.apache.catalina.startup.VersionLoggerListener.log Architecture:          amd64
09-Mar-2026 10:00:41.877 INFO [main] org.apache.catalina.startup.VersionLoggerListener.log Java Home:             C:\Users\user\.jdks\openjdk-25
09-Mar-2026 10:00:41.877 INFO [main] org.apache.catalina.startup.VersionLoggerListener.log JVM Version:           25+36-3489
09-Mar-2026 10:00:41.877 INFO [main] org.apache.catalina.startup.VersionLoggerListener.log JVM Vendor:            Oracle Corporation
09-Mar-2026 10:00:41.877 INFO [main] org.apache.catalina.startup.VersionLoggerListener.log CATALINA_BASE:         C:\Users\user\Desktop\test-java-serlvlet
09-Mar-2026 10:00:41.877 INFO [main] org.apache.catalina.startup.VersionLoggerListener.log CATALINA_HOME:         C:\apache-tomcat-11.0.15-windows-x64\apache-tomcat-11.0.15
09-Mar-2026 10:00:41.891 INFO [main] org.apache.catalina.startup.VersionLoggerListener.log Command line argument: --add-opens=java.base/java.lang=ALL-UNNAMED
09-Mar-2026 10:00:41.891 INFO [main] org.apache.catalina.startup.VersionLoggerListener.log Command line argument: --add-opens=java.base/java.io=ALL-UNNAMED
09-Mar-2026 10:00:41.891 INFO [main] org.apache.catalina.startup.VersionLoggerListener.log Command line argument: --add-opens=java.base/java.util=ALL-UNNAMED
09-Mar-2026 10:00:41.891 INFO [main] org.apache.catalina.startup.VersionLoggerListener.log Command line argument: --add-opens=java.base/java.util.concurrent=ALL-UNNAMED
09-Mar-2026 10:00:41.891 INFO [main] org.apache.catalina.startup.VersionLoggerListener.log Command line argument: --add-opens=java.rmi/sun.rmi.transport=ALL-UNNAMED
09-Mar-2026 10:00:41.892 INFO [main] org.apache.catalina.startup.VersionLoggerListener.log Command line argument: -Dcatalina.home=C:\apache-tomcat-11.0.15-windows-x64\apache-tomcat-11.0.15
09-Mar-2026 10:00:41.892 INFO [main] org.apache.catalina.startup.VersionLoggerListener.log Command line argument: -Dcatalina.base=C:\Users\user\Desktop\test-java-serlvlet
09-Mar-2026 10:00:41.892 INFO [main] org.apache.catalina.startup.VersionLoggerListener.log Command line argument: -Djava.io.tmpdir=C:\Users\user\Desktop\test-java-serlvlet\temp
09-Mar-2026 10:00:41.892 INFO [main] org.apache.catalina.startup.VersionLoggerListener.log Command line argument: -Djava.util.logging.config.file=C:\Users\user\Desktop\test-java-serlvlet\conf\logging.properties
09-Mar-2026 10:00:41.892 INFO [main] org.apache.catalina.startup.VersionLoggerListener.log Command line argument: -Djava.util.logging.manager=org.apache.juli.ClassLoaderLogManager
09-Mar-2026 10:00:41.893 INFO [main] org.apache.catalina.startup.VersionLoggerListener.log Command line argument: -javaagent:C:\Program Files\JetBrains\IntelliJ IDEA Community Edition 2025.2.2\lib\idea_rt.jar=54346
09-Mar-2026 10:00:41.893 INFO [main] org.apache.catalina.startup.VersionLoggerListener.log Command line argument: -Dfile.encoding=UTF-8
09-Mar-2026 10:00:41.893 INFO [main] org.apache.catalina.startup.VersionLoggerListener.log Command line argument: -Dsun.stdout.encoding=UTF-8
09-Mar-2026 10:00:41.893 INFO [main] org.apache.catalina.startup.VersionLoggerListener.log Command line argument: -Dsun.stderr.encoding=UTF-8
09-Mar-2026 10:00:42.008 INFO [main] org.apache.catalina.core.AprLifecycleListener.lifecycleEvent Loaded Apache Tomcat Native library [2.0.9] using APR version [1.7.6].
09-Mar-2026 10:00:42.036 INFO [main] org.apache.catalina.core.AprLifecycleListener.initializeSSL OpenSSL successfully initialized [OpenSSL 3.5.0 8 Apr 2025]
09-Mar-2026 10:00:42.529 INFO [main] org.apache.coyote.AbstractProtocol.init Initializing ProtocolHandler ["http-nio-8081"]
09-Mar-2026 10:00:42.555 INFO [main] org.apache.catalina.startup.Catalina.load Server initialization in [1005] milliseconds
09-Mar-2026 10:00:42.644 INFO [main] org.apache.catalina.core.StandardService.startInternal Starting service [Catalina]
09-Mar-2026 10:00:42.645 INFO [main] org.apache.catalina.core.StandardEngine.startInternal Starting Servlet engine: [Apache Tomcat/11.0.15]
09-Mar-2026 10:00:42.667 INFO [main] org.apache.catalina.startup.HostConfig.deployDescriptor Deploying deployment descriptor [C:\Users\user\Desktop\test-java-serlvlet\conf\Catalina\localhost\kigali boy.xml]
09-Mar-2026 10:00:43.260 INFO [main] org.apache.catalina.startup.HostConfig.deployDescriptor Deployment of deployment descriptor [C:\Users\user\Desktop\test-java-serlvlet\conf\Catalina\localhost\kigali boy.xml] has finished in [574] ms
09-Mar-2026 10:00:43.266 INFO [main] org.apache.coyote.AbstractProtocol.start Starting ProtocolHandler ["http-nio-8081"]
09-Mar-2026 10:00:43.318 INFO [main] org.apache.catalina.startup.Catalina.start Server startup in [759] milliseconds
